#########################
head:3 tail:30 size:7 
|i	|idx	|prev	|next	|
________________________
|3	|1	|30	|8	
|8	|0	|3	|4	
|4	|0	|8	|7	
|7	|0	|4	|-1	
|-1	|0	|7	|9	
|9	|0	|-1	|30	
|30	|0	|9	|3	
#########################
head:3 tail:30 size:7 
|i	|idx	|prev	|next	|
________________________
|3	|1	|30	|8	
|8	|0	|3	|4	
|4	|0	|8	|7	
|7	|0	|4	|-1	
|-1	|0	|7	|9	
|9	|0	|-1	|30	
|30	|0	|9	|3	
pb
pb
pb
pb
#########################
head:-1 tail:30 size:3 
|i	|idx	|prev	|next	|
________________________
|-1	|1	|30	|9	
|9	|0	|-1	|30	
|30	|0	|9	|-1	
#########################
head:7 tail:3 size:4 
|i	|idx	|prev	|next	|
________________________
|7	|1	|3	|4	
|4	|0	|7	|8	
|8	|0	|4	|3	
|3	|0	|8	|7	
#########################
head:-1 tail:30 size:3 
|i	|idx	|prev	|next	|
________________________
|-1	|1	|30	|9	
|9	|0	|-1	|30	
|30	|0	|9	|9	
#########################
head:7 tail:3 size:4 
|i	|idx	|prev	|next	|
________________________
|7	|1	|3	|4	
|4	|0	|7	|8	
|8	|0	|4	|3	
|3	|0	|8	|4	


#########################
head:-1 tail:30 size:3 
|i	|idx	|prev	|next	|
________________________
|9	|0	|-1	|30	
|30	|0	|9	|9	
|9	|0	|-1	|30	
#########################
head:7 tail:3 size:4 
|i	|idx	|prev	|next	|
________________________
|4	|0	|7	|8	
|8	|0	|4	|3	
|3	|0	|8	|4	
|4	|0	|7	|8	
